============================================================
  Generated by:           Genus(TM) Synthesis Solution 17.13-s033_1
  Generated on:           Sep 08 2019  10:34:45 am
  Module:                 mtm_Alu
    Operating conditions: worst 
  Interconnect mode:      global
  Area mode:              physical library
============================================================

                                                       Library 
      Gate       Instances    Area         Library      Domain 
---------------------------------------------------------------
UCL_AND2                23    476.928    SUSLIB_UCL_SS   WC_tc 
UCL_AOI21              173   2869.862    SUSLIB_UCL_SS   WC_tc 
UCL_AOI22_2             25    518.400    SUSLIB_UCL_SS   WC_tc 
UCL_AON2B                1     20.736    SUSLIB_UCL_SS   WC_tc 
UCL_AON2B_2            192   3981.312    SUSLIB_UCL_SS   WC_tc 
UCL_BUF                 13    323.482    SUSLIB_UCL_SS   WC_tc 
UCL_BUF8_2              13   1186.099    SUSLIB_UCL_SS   WC_tc 
UCL_CGI2                86   2139.955    SUSLIB_UCL_SS   WC_tc 
UCL_DFF                256  21233.664    SUSLIB_UCL_SS   WC_tc 
UCL_DFF_RES              1     99.533    SUSLIB_UCL_SS   WC_tc 
UCL_FA                  45   2985.984    SUSLIB_UCL_SS   WC_tc 
UCL_INV2               293   3645.389    SUSLIB_UCL_SS   WC_tc 
UCL_INV4                47   1559.347    SUSLIB_UCL_SS   WC_tc 
UCL_MUX2                34    846.029    SUSLIB_UCL_SS   WC_tc 
UCL_MUX2A               18    522.547    SUSLIB_UCL_SS   WC_tc 
UCL_MUX2B                4    116.122    SUSLIB_UCL_SS   WC_tc 
UCL_NAND2               22    273.715    SUSLIB_UCL_SS   WC_tc 
UCL_NAND2A              57    945.562    SUSLIB_UCL_SS   WC_tc 
UCL_NAND2_2             14    290.304    SUSLIB_UCL_SS   WC_tc 
UCL_NAND2_WIDEN         76    945.562    SUSLIB_UCL_SS   WC_tc 
UCL_NAND3               30    497.664    SUSLIB_UCL_SS   WC_tc 
UCL_NOR2                71    883.354    SUSLIB_UCL_SS   WC_tc 
UCL_NOR2_2               7    145.152    SUSLIB_UCL_SS   WC_tc 
UCL_NOR3                80   1327.104    SUSLIB_UCL_SS   WC_tc 
UCL_OAI21              106   1758.413    SUSLIB_UCL_SS   WC_tc 
UCL_OAI22               28    580.608    SUSLIB_UCL_SS   WC_tc 
UCL_OR2                 16    331.776    SUSLIB_UCL_SS   WC_tc 
UCL_XOR                151   5636.045    SUSLIB_UCL_SS   WC_tc 
---------------------------------------------------------------
total                 1882  56140.646                  


                                          
     Type      Instances    Area   Area % 
------------------------------------------
sequential           257 21333.197   38.0 
inverter             340  5204.736    9.3 
buffer                26  1509.581    2.7 
logic               1259 28093.133   50.0 
physical_cells         0     0.000    0.0 
------------------------------------------
total               1882 56140.646  100.0 

