============================================================
  Generated by:           Genus(TM) Synthesis Solution 17.13-s033_1
  Generated on:           Sep 08 2019  10:34:45 am
  Module:                 mtm_Alu
  Library domain:         WC_tc
    Domain index:         0
    Technology library:   SUSLIB_UCL_SS 
    Operating conditions: worst 
  Interconnect mode:      global
  Area mode:              physical library
============================================================

Timing
--------

 Mode Clock  Period 
--------------------
WC_av clk   20000.0 


        Cost   Critical       Violating 
 Mode  Group  Path Slack TNS    Paths   
----------------------------------------
WC_av     clk      994.3 0.0          0 
      default   No paths 0.0          0 
----------------------------------------
Total                    0.0          0 
                                        

Instance Count
--------------
Leaf Instance Count             1882 
Physical Instance count            0 
Sequential Instance Count        257 
Combinational Instance Count    1625 
Hierarchical Instance Count        8 

Area
----
Cell Area                          56140.646
Physical Cell Area                 0.000
Total Cell Area (Cell+Physical)    56140.646
Net Area                           25611.434
Total Area (Cell+Physical+Net)     81752.080

Max Fanout                         257 (clk)
Min Fanout                         1 (C[0])
Average Fanout                     2.2
Terms to net ratio                 3.3461
Terms to instance ratio            3.4315
Runtime                            23.973542 seconds
Elapsed Runtime                    24 seconds
Genus peak memory usage            678.18 
Innovus peak memory usage          no_value 
Hostname                           localhost
